<?xml version="1.0" encoding="UTF-8"?>
<!-- Generated by org.testng.reporters.JUnitXMLReporter -->
<testsuite ignored="6" hostname="LTIN509092" failures="0" tests="10" name="Test" time="146.572" errors="0" timestamp="2024-04-16T10:20:48 IST">
  <testcase classname="TestCases.TC1webdevcourses" name="homepage" time="6.309"/>
  <testcase classname="TestCases.TC1webdevcourses" name="filter" time="4.457"/>
  <testcase classname="TestCases.TC1webdevcourses" name="courses" time="12.427"/>
  <testcase classname="TestCases.TC2webcrse2" name="course2" time="13.509"/>
  <testcase classname="TestCases.TC2webcrse2" name="windowswitch" time="0.001"/>
  <testcase classname="TestCases.TC3Languagelearn" name="searchbox" time="3.385"/>
  <testcase classname="TestCases.TC3Languagelearn" name="languagescourses" time="69.073"/>
  <testcase classname="TestCases.TC3Languagelearn" name="levelcount" time="4.137"/>
  <testcase classname="TestCases.TC4enterprises" name="forEnterprise" time="18.727"/>
  <testcase classname="TestCases.TC4enterprises" name="submitForm" time="3.635"/>
  <testcase classname="TestBase.Baseclass" name="@BeforeTest setup" time="0.0">
    <ignored/>
  </testcase> <!-- @BeforeTest setup -->
  <testcase classname="TestBase.Baseclass" name="@BeforeTest setup" time="0.0">
    <ignored/>
  </testcase> <!-- @BeforeTest setup -->
  <testcase classname="TestBase.Baseclass" name="@BeforeTest setup" time="0.0">
    <ignored/>
  </testcase> <!-- @BeforeTest setup -->
  <testcase classname="TestBase.Baseclass" name="@AfterTest tearDown" time="0.0">
    <ignored/>
  </testcase> <!-- @AfterTest tearDown -->
  <testcase classname="TestBase.Baseclass" name="@AfterTest tearDown" time="0.0">
    <ignored/>
  </testcase> <!-- @AfterTest tearDown -->
  <testcase classname="TestBase.Baseclass" name="@AfterTest tearDown" time="0.0">
    <ignored/>
  </testcase> <!-- @AfterTest tearDown -->
</testsuite> <!-- Test -->
