<?xml version="1.0" encoding="UTF-8"?>
<testsuite xmlns:xsi="http://www.w3.org/2001/XMLSchema-instance" xsi:noNamespaceSchemaLocation="https://maven.apache.org/surefire/maven-surefire-plugin/xsd/surefire-test-report-3.0.xsd" version="3.0" name="TestSuite" time="400.268" tests="3" errors="0" skipped="0" failures="0">
  <properties>
[...]
</properties>
  <testcase name="runScenario[&quot;Filter Web Development Courses by Level and Language&quot;, &quot;Searching and Filtering Web Development Courses&quot;](1)" classname="testRunner.TestRunner" time="136.774">
    <system-out><![CDATA[
Scenario: Filter Web Development Courses by Level and Language # features/1_webcourses.feature:3
  Given the user is on the homepage of the Coursera website    # StepDefenition.webdev.the_user_is_on_the_homepage_of_the_Coursera_website()

    Embedding Filter Web Development Courses by Level and Language [image/png 448858 bytes]

  When the user searches for web development courses           # StepDefenition.webdev.the_user_searches_for_web_development_courses()

    Embedding Filter Web Development Courses by Level and Language [image/png 378135 bytes]

courseName 1: Python for Data Science, AI & Development
courseRating1: 4.6
course duration: 25 hours (approximately)
  And the user clicks the first webcourse and get the details  # StepDefenition.webdev.the_user_clicks_the_first_webcourse_and_get_the_details()

    Embedding Filter Web Development Courses by Level and Language [image/png 479937 bytes]

courseName 2: Meta Front-End Developer Professional Certificate
courseRating2: 4.7
course duration: 7 months at 6 hours a week
courseRating2: 
course duration: 
  And the user clicks the second webcourse and get the details # StepDefenition.webdev.the_user_clicks_the_second_webcourse_and_get_the_details()

    Embedding Filter Web Development Courses by Level and Language [image/png 479937 bytes]

]]></system-out>
    <system-err><![CDATA[SLF4J: Failed to load class "org.slf4j.impl.StaticLoggerBinder".
SLF4J: Defaulting to no-operation (NOP) logger implementation
SLF4J: See http://www.slf4j.org/codes.html#StaticLoggerBinder for further details.
]]></system-err>
  </testcase>
  <testcase name="runScenario[&quot;Extract and display language and level information&quot;, &quot;Searching Language Learning and extracting details&quot;](2)" classname="testRunner.TestRunner" time="125.736">
    <system-out><![CDATA[
Scenario: Extract and display language and level information      # features/2_language_learning.feature:3
  Given the user is on the homepage                               # StepDefenition.languagecourses.the_user_is_on_the_homepage()

    Embedding Extract and display language and level information [image/png 354714 bytes]

  When the user searches for language learning courses            # StepDefenition.languagecourses.the_user_searches_for_language_learning_courses()

    Embedding Extract and display language and level information [image/png 280569 bytes]

English (1,628)
Spanish (1,097)
Arabic (1,014)
French (1,002)
Portuguese (Brazil) (993)
Chinese (China) (991)
Japanese (988)
Korean (983)
German (980)
Indonesian (980)
Hindi (970)
Italian (969)
Swedish (968)
Ukrainian (968)
Dutch (967)
Greek (967)
Polish (967)
Thai (967)
Turkish (967)
Russian (944)
Kazakh (895)
Hungarian (699)
Chinese (Traditional) (5)
Hebrew (2)
total languages: 24
  And they extract all available languages and their total counts # StepDefenition.languagecourses.they_extract_all_available_languages_and_their_total_counts()

    Embedding Extract and display language and level information [image/png 280569 bytes]

total count of levels:
Beginner (878)
Intermediate (752)
Advanced (78)
Mixed (150)
total count of level: 4
  And they extract all different levels and their total counts    # StepDefenition.languagecourses.they_extract_all_different_levels_and_their_total_counts()

    Embedding Extract and display language and level information [image/png 280569 bytes]

]]></system-out>
  </testcase>
  <testcase name="runScenario[&quot;Fill Form with invalid input and capture error message&quot;, &quot;Error Handling in Form Submission&quot;](3)" classname="testRunner.TestRunner" time="132.181">
    <system-out><![CDATA[
Scenario: Fill Form with invalid input and capture error message # features/3_enterprises.feature:3
  Given the user nagivate to Coursera page                       # StepDefenition.enterprises.the_user_nagivate_to_Coursera_page()

    Embedding Fill Form with invalid input and capture error message [image/png 354726 bytes]

  When the user navigates to the Enterprise section              # StepDefenition.enterprises.the_user_navigates_to_the_Enterprise_section()

    Embedding Fill Form with invalid input and capture error message [image/png 779139 bytes]

  And the user fills the Form with invalid email                 # StepDefenition.enterprises.the_user_fills_the_Form_with_invalid_email()

    Embedding Fill Form with invalid input and capture error message [image/png 151396 bytes]

Error Message: Invalid Input
  Then the user should capture and display the error message     # StepDefenition.enterprises.the_user_should_capture_and_display_the_error_message()

    Embedding Fill Form with invalid input and capture error message [image/png 151599 bytes]

]]></system-out>
  </testcase>
</testsuite>