<?xml version="1.0" encoding="UTF-8"?>
<testng-results ignored="0" total="3" passed="3" failed="0" skipped="0">
  <reporter-output>
  </reporter-output>
  <suite started-at="2024-04-16T11:46:09 IST" name="Suite" finished-at="2024-04-16T11:52:48 IST" duration-ms="399766">
    <groups>
      <group name="cucumber">
        <method signature="AbstractTestNGCucumberTests.runScenario(io.cucumber.testng.PickleWrapper,io.cucumber.testng.FeatureWrapper)[pri:0, instance:testRunner.TestRunner@8f2ef19]" name="runScenario" class="io.cucumber.testng.AbstractTestNGCucumberTests"/>
      </group> <!-- cucumber -->
    </groups>
    <test started-at="2024-04-16T11:46:09 IST" name="Test" finished-at="2024-04-16T11:52:48 IST" duration-ms="399766">
      <class name="testRunner.TestRunner">
        <test-method is-config="true" signature="setUpClass(org.testng.ITestContext)[pri:0, instance:testRunner.TestRunner@8f2ef19]" started-at="2024-04-16T11:46:09 IST" name="setUpClass" finished-at="2024-04-16T11:46:09 IST" duration-ms="817" status="PASS">
          <params>
            <param index="0">
              <value>
                <![CDATA[org.testng.TestRunner@3991fe6d]]>
              </value>
            </param>
          </params>
          <reporter-output>
          </reporter-output>
        </test-method> <!-- setUpClass -->
        <test-method signature="runScenario(io.cucumber.testng.PickleWrapper,io.cucumber.testng.FeatureWrapper)[pri:0, instance:testRunner.TestRunner@8f2ef19]" started-at="2024-04-16T11:46:09 IST" name="runScenario" description="Runs Cucumber Scenarios" data-provider="scenarios" finished-at="2024-04-16T11:48:26 IST" duration-ms="136774" status="PASS">
          <params>
            <param index="0">
              <value>
                <![CDATA["Filter Web Development Courses by Level and Language"]]>
              </value>
            </param>
            <param index="1">
              <value>
                <![CDATA["Searching and Filtering Web Development Courses"]]>
              </value>
            </param>
          </params>
          <reporter-output>
          </reporter-output>
        </test-method> <!-- runScenario -->
        <test-method signature="runScenario(io.cucumber.testng.PickleWrapper,io.cucumber.testng.FeatureWrapper)[pri:0, instance:testRunner.TestRunner@8f2ef19]" started-at="2024-04-16T11:48:26 IST" name="runScenario" description="Runs Cucumber Scenarios" data-provider="scenarios" finished-at="2024-04-16T11:50:32 IST" duration-ms="125740" status="PASS">
          <params>
            <param index="0">
              <value>
                <![CDATA["Extract and display language and level information"]]>
              </value>
            </param>
            <param index="1">
              <value>
                <![CDATA["Searching Language Learning and extracting details"]]>
              </value>
            </param>
          </params>
          <reporter-output>
          </reporter-output>
        </test-method> <!-- runScenario -->
        <test-method signature="runScenario(io.cucumber.testng.PickleWrapper,io.cucumber.testng.FeatureWrapper)[pri:0, instance:testRunner.TestRunner@8f2ef19]" started-at="2024-04-16T11:50:32 IST" name="runScenario" description="Runs Cucumber Scenarios" data-provider="scenarios" finished-at="2024-04-16T11:52:44 IST" duration-ms="132181" status="PASS">
          <params>
            <param index="0">
              <value>
                <![CDATA["Fill Form with invalid input and capture error message"]]>
              </value>
            </param>
            <param index="1">
              <value>
                <![CDATA["Error Handling in Form Submission"]]>
              </value>
            </param>
          </params>
          <reporter-output>
          </reporter-output>
        </test-method> <!-- runScenario -->
        <test-method is-config="true" signature="tearDownClass()[pri:0, instance:testRunner.TestRunner@8f2ef19]" started-at="2024-04-16T11:52:44 IST" name="tearDownClass" finished-at="2024-04-16T11:52:48 IST" duration-ms="4212" status="PASS">
          <reporter-output>
          </reporter-output>
        </test-method> <!-- tearDownClass -->
      </class> <!-- testRunner.TestRunner -->
    </test> <!-- Test -->
  </suite> <!-- Suite -->
</testng-results>
