<?xml version="1.0" encoding="UTF-8"?>
<testng-results ignored="0" total="3" passed="3" failed="0" skipped="0">
  <reporter-output>
  </reporter-output>
  <suite started-at="2024-04-16T22:14:51 IST" name="Suite" finished-at="2024-04-16T22:19:23 IST" duration-ms="272323">
    <groups>
      <group name="cucumber">
        <method signature="AbstractTestNGCucumberTests.runScenario(io.cucumber.testng.PickleWrapper,io.cucumber.testng.FeatureWrapper)[pri:0, instance:testRunner.TestRunner@8f2ef19]" name="runScenario" class="io.cucumber.testng.AbstractTestNGCucumberTests"/>
      </group> <!-- cucumber -->
    </groups>
    <test started-at="2024-04-16T22:14:51 IST" name="Test" finished-at="2024-04-16T22:19:23 IST" duration-ms="272323">
      <class name="testRunner.TestRunner">
        <test-method is-config="true" signature="setUpClass(org.testng.ITestContext)[pri:0, instance:testRunner.TestRunner@8f2ef19]" started-at="2024-04-16T22:14:51 IST" name="setUpClass" finished-at="2024-04-16T22:14:52 IST" duration-ms="845" status="PASS">
          <params>
            <param index="0">
              <value>
                <![CDATA[org.testng.TestRunner@746fd19b]]>
              </value>
            </param>
          </params>
          <reporter-output>
          </reporter-output>
        </test-method> <!-- setUpClass -->
        <test-method signature="runScenario(io.cucumber.testng.PickleWrapper,io.cucumber.testng.FeatureWrapper)[pri:0, instance:testRunner.TestRunner@8f2ef19]" started-at="2024-04-16T22:14:52 IST" name="runScenario" description="Runs Cucumber Scenarios" data-provider="scenarios" finished-at="2024-04-16T22:16:00 IST" duration-ms="68548" status="PASS">
          <params>
            <param index="0">
              <value>
                <![CDATA["Filter Web Development Courses by Level and Language"]]>
              </value>
            </param>
            <param index="1">
              <value>
                <![CDATA["Searching and Filtering Web Development Courses"]]>
              </value>
            </param>
          </params>
          <reporter-output>
          </reporter-output>
        </test-method> <!-- runScenario -->
        <test-method signature="runScenario(io.cucumber.testng.PickleWrapper,io.cucumber.testng.FeatureWrapper)[pri:0, instance:testRunner.TestRunner@8f2ef19]" started-at="2024-04-16T22:16:00 IST" name="runScenario" description="Runs Cucumber Scenarios" data-provider="scenarios" finished-at="2024-04-16T22:18:10 IST" duration-ms="129419" status="PASS">
          <params>
            <param index="0">
              <value>
                <![CDATA["Extract and display language and level information"]]>
              </value>
            </param>
            <param index="1">
              <value>
                <![CDATA["Searching Language Learning and extracting details"]]>
              </value>
            </param>
          </params>
          <reporter-output>
          </reporter-output>
        </test-method> <!-- runScenario -->
        <test-method signature="runScenario(io.cucumber.testng.PickleWrapper,io.cucumber.testng.FeatureWrapper)[pri:0, instance:testRunner.TestRunner@8f2ef19]" started-at="2024-04-16T22:18:10 IST" name="runScenario" description="Runs Cucumber Scenarios" data-provider="scenarios" finished-at="2024-04-16T22:19:13 IST" duration-ms="62873" status="PASS">
          <params>
            <param index="0">
              <value>
                <![CDATA["Fill Form with invalid input and capture error message"]]>
              </value>
            </param>
            <param index="1">
              <value>
                <![CDATA["Error Handling in Form Submission"]]>
              </value>
            </param>
          </params>
          <reporter-output>
          </reporter-output>
        </test-method> <!-- runScenario -->
        <test-method is-config="true" signature="tearDownClass()[pri:0, instance:testRunner.TestRunner@8f2ef19]" started-at="2024-04-16T22:19:13 IST" name="tearDownClass" finished-at="2024-04-16T22:19:23 IST" duration-ms="10593" status="PASS">
          <reporter-output>
          </reporter-output>
        </test-method> <!-- tearDownClass -->
      </class> <!-- testRunner.TestRunner -->
    </test> <!-- Test -->
  </suite> <!-- Suite -->
</testng-results>
