<?xml version="1.0" encoding="UTF-8"?>
<testng-results ignored="6" total="16" passed="10" failed="0" skipped="0">
  <reporter-output>
  </reporter-output>
  <suite started-at="2024-04-16T10:18:22 IST" name="Suite" finished-at="2024-04-16T10:20:48 IST" duration-ms="146572">
    <groups>
      <group name="regression">
        <method signature="TC1webdevcourses.courses()[pri:3, instance:TestCases.TC1webdevcourses@576d5deb]" name="courses" class="TestCases.TC1webdevcourses"/>
        <method signature="TC1webdevcourses.filter()[pri:2, instance:TestCases.TC1webdevcourses@576d5deb]" name="filter" class="TestCases.TC1webdevcourses"/>
        <method signature="TC1webdevcourses.homepage()[pri:1, instance:TestCases.TC1webdevcourses@576d5deb]" name="homepage" class="TestCases.TC1webdevcourses"/>
        <method signature="TC2webcrse2.course2()[pri:1, instance:TestCases.TC2webcrse2@6221a451]" name="course2" class="TestCases.TC2webcrse2"/>
        <method signature="TC2webcrse2.windowswitch()[pri:2, instance:TestCases.TC2webcrse2@6221a451]" name="windowswitch" class="TestCases.TC2webcrse2"/>
      </group> <!-- regression -->
      <group name="sanity">
        <method signature="TC1webdevcourses.courses()[pri:3, instance:TestCases.TC1webdevcourses@576d5deb]" name="courses" class="TestCases.TC1webdevcourses"/>
        <method signature="TC1webdevcourses.homepage()[pri:1, instance:TestCases.TC1webdevcourses@576d5deb]" name="homepage" class="TestCases.TC1webdevcourses"/>
        <method signature="TC2webcrse2.course2()[pri:1, instance:TestCases.TC2webcrse2@6221a451]" name="course2" class="TestCases.TC2webcrse2"/>
        <method signature="TC2webcrse2.windowswitch()[pri:2, instance:TestCases.TC2webcrse2@6221a451]" name="windowswitch" class="TestCases.TC2webcrse2"/>
        <method signature="TC3Languagelearn.searchbox()[pri:1, instance:TestCases.TC3Languagelearn@4a883b15]" name="searchbox" class="TestCases.TC3Languagelearn"/>
        <method signature="TC4enterprises.forEnterprise()[pri:1, instance:TestCases.TC4enterprises@25641d39]" name="forEnterprise" class="TestCases.TC4enterprises"/>
      </group> <!-- sanity -->
    </groups>
    <test started-at="2024-04-16T10:18:22 IST" name="Test" finished-at="2024-04-16T10:20:48 IST" duration-ms="146572">
      <class name="TestCases.TC2webcrse2">
        <test-method signature="course2()[pri:1, instance:TestCases.TC2webcrse2@6221a451]" started-at="2024-04-16T10:18:53 IST" name="course2" finished-at="2024-04-16T10:19:07 IST" duration-ms="13509" status="PASS">
          <reporter-output>
          </reporter-output>
        </test-method> <!-- course2 -->
        <test-method signature="windowswitch()[pri:2, instance:TestCases.TC2webcrse2@6221a451]" started-at="2024-04-16T10:19:07 IST" name="windowswitch" finished-at="2024-04-16T10:19:07 IST" duration-ms="1" status="PASS">
          <reporter-output>
          </reporter-output>
        </test-method> <!-- windowswitch -->
      </class> <!-- TestCases.TC2webcrse2 -->
      <class name="TestCases.TC1webdevcourses">
        <test-method is-config="true" signature="setup(java.lang.String,java.lang.String)[pri:0, instance:TestCases.TC1webdevcourses@576d5deb]" started-at="2024-04-16T10:18:22 IST" name="setup" finished-at="2024-04-16T10:18:29 IST" duration-ms="7218" status="PASS">
          <params>
            <param index="0">
              <value>
                <![CDATA[windows]]>
              </value>
            </param>
            <param index="1">
              <value>
                <![CDATA[chrome]]>
              </value>
            </param>
          </params>
          <reporter-output>
          </reporter-output>
        </test-method> <!-- setup -->
        <test-method signature="homepage()[pri:1, instance:TestCases.TC1webdevcourses@576d5deb]" started-at="2024-04-16T10:18:29 IST" name="homepage" finished-at="2024-04-16T10:18:36 IST" duration-ms="6309" status="PASS">
          <reporter-output>
          </reporter-output>
        </test-method> <!-- homepage -->
        <test-method signature="filter()[pri:2, instance:TestCases.TC1webdevcourses@576d5deb]" started-at="2024-04-16T10:18:36 IST" name="filter" finished-at="2024-04-16T10:18:40 IST" duration-ms="4457" status="PASS">
          <reporter-output>
          </reporter-output>
        </test-method> <!-- filter -->
        <test-method signature="courses()[pri:3, instance:TestCases.TC1webdevcourses@576d5deb]" started-at="2024-04-16T10:18:41 IST" name="courses" finished-at="2024-04-16T10:18:53 IST" duration-ms="12427" status="PASS">
          <reporter-output>
          </reporter-output>
        </test-method> <!-- courses -->
        <test-method is-config="true" signature="tearDown()[pri:0, instance:TestCases.TC1webdevcourses@576d5deb]" started-at="2024-04-16T10:20:47 IST" name="tearDown" finished-at="2024-04-16T10:20:48 IST" duration-ms="1195" status="PASS">
          <reporter-output>
          </reporter-output>
        </test-method> <!-- tearDown -->
      </class> <!-- TestCases.TC1webdevcourses -->
      <class name="TestCases.TC3Languagelearn">
        <test-method signature="searchbox()[pri:1, instance:TestCases.TC3Languagelearn@4a883b15]" started-at="2024-04-16T10:19:07 IST" name="searchbox" finished-at="2024-04-16T10:19:11 IST" duration-ms="3385" status="PASS">
          <reporter-output>
          </reporter-output>
        </test-method> <!-- searchbox -->
        <test-method signature="languagescourses()[pri:2, instance:TestCases.TC3Languagelearn@4a883b15]" started-at="2024-04-16T10:19:11 IST" name="languagescourses" finished-at="2024-04-16T10:20:20 IST" duration-ms="69073" status="PASS">
          <reporter-output>
          </reporter-output>
        </test-method> <!-- languagescourses -->
        <test-method signature="levelcount()[pri:3, instance:TestCases.TC3Languagelearn@4a883b15]" started-at="2024-04-16T10:20:20 IST" name="levelcount" finished-at="2024-04-16T10:20:24 IST" duration-ms="4137" status="PASS">
          <reporter-output>
          </reporter-output>
        </test-method> <!-- levelcount -->
      </class> <!-- TestCases.TC3Languagelearn -->
      <class name="TestCases.TC4enterprises">
        <test-method signature="forEnterprise()[pri:1, instance:TestCases.TC4enterprises@25641d39]" started-at="2024-04-16T10:20:24 IST" name="forEnterprise" finished-at="2024-04-16T10:20:43 IST" duration-ms="18727" status="PASS">
          <reporter-output>
          </reporter-output>
        </test-method> <!-- forEnterprise -->
        <test-method signature="submitForm()[pri:2, instance:TestCases.TC4enterprises@25641d39]" started-at="2024-04-16T10:20:44 IST" name="submitForm" finished-at="2024-04-16T10:20:47 IST" duration-ms="3635" status="PASS">
          <reporter-output>
          </reporter-output>
        </test-method> <!-- submitForm -->
      </class> <!-- TestCases.TC4enterprises -->
    </test> <!-- Test -->
  </suite> <!-- Suite -->
</testng-results>
